This is pdfTeX, Version 3.14159265-2.6-1.40.19 (MiKTeX 2.9.6730 64-bit) (preloaded format=pdflatex 2018.8.27)  12 FEB 2019 02:31
entering extended mode
**./escrito.tex
(escrito.tex
LaTeX2e <2018-04-01> patch level 5

("C:\Users\Liliana Saus\AppData\Local\Programs\MiKTeX 2.9\tex\latex\base\articl
e.cls"
Document Class: article 2014/09/29 v1.4h Standard LaTeX document class

("C:\Users\Liliana Saus\AppData\Local\Programs\MiKTeX 2.9\tex\latex\base\size10
.clo"
File: size10.clo 2014/09/29 v1.4h Standard LaTeX file (size option)
)
\c@part=\count80
\c@section=\count81
\c@subsection=\count82
\c@subsubsection=\count83
\c@paragraph=\count84
\c@subparagraph=\count85
\c@figure=\count86
\c@table=\count87
\abovecaptionskip=\skip41
\belowcaptionskip=\skip42
\bibindent=\dimen102
)
("C:\Users\Liliana Saus\AppData\Local\Programs\MiKTeX 2.9\tex\latex\base\inpute
nc.sty"
Package: inputenc 2018/04/06 v1.3b Input encoding file
\inpenc@prehook=\toks14
\inpenc@posthook=\toks15
)
("C:\Users\Liliana Saus\AppData\Local\Programs\MiKTeX 2.9\tex\generic\babel\bab
el.sty"
Package: babel 2018/06/05 3.22 The Babel package

("C:\Users\Liliana Saus\AppData\Local\Programs\MiKTeX 2.9\tex\generic\babel\swi
tch.def"
File: switch.def 2018/06/05 3.22 Babel switching mechanism
)
*************************************
* Local config file bblopts.cfg used
*

("C:\Users\Liliana Saus\AppData\Local\Programs\MiKTeX 2.9\tex\latex\arabi\bblop
ts.cfg"
File: bblopts.cfg 2005/09/08 v0.1 add Arabic and Farsi to "declared" options of
 babel
)
("C:\Users\Liliana Saus\AppData\Local\Programs\MiKTeX 2.9\tex\latex\babel-spani
sh\spanish.ldf"
Language: spanish.ldf 2016/03/03 v5.0p Spanish support from the babel system

("C:\Users\Liliana Saus\AppData\Local\Programs\MiKTeX 2.9\tex\generic\babel\bab
el.def"
File: babel.def 2018/06/05 3.22 Babel common definitions
\babel@savecnt=\count88
\U@D=\dimen103

("C:\Users\Liliana Saus\AppData\Local\Programs\MiKTeX 2.9\tex\generic\babel\txt
babel.def")
\bbl@dirlevel=\count89
)
\es@quottoks=\toks16
\es@quotdepth=\count90
Package babel Info: Making " an active character on input line 561.
Package babel Info: Making . an active character on input line 662.
Package babel Info: Making < an active character on input line 707.
Package babel Info: Making > an active character on input line 707.
))
("C:\Users\Liliana Saus\AppData\Local\Programs\MiKTeX 2.9\tex\latex\amsmath\ams
math.sty"
Package: amsmath 2017/09/02 v2.17a AMS math features
\@mathmargin=\skip43

For additional information on amsmath, use the `?' option.

("C:\Users\Liliana Saus\AppData\Local\Programs\MiKTeX 2.9\tex\latex\amsmath\ams
text.sty"
Package: amstext 2000/06/29 v2.01 AMS text

("C:\Users\Liliana Saus\AppData\Local\Programs\MiKTeX 2.9\tex\latex\amsmath\ams
gen.sty"
File: amsgen.sty 1999/11/30 v2.0 generic functions
\@emptytoks=\toks17
\ex@=\dimen104
))
("C:\Users\Liliana Saus\AppData\Local\Programs\MiKTeX 2.9\tex\latex\amsmath\ams
bsy.sty"
Package: amsbsy 1999/11/29 v1.2d Bold Symbols
\pmbraise@=\dimen105
)
("C:\Users\Liliana Saus\AppData\Local\Programs\MiKTeX 2.9\tex\latex\amsmath\ams
opn.sty"
Package: amsopn 2016/03/08 v2.02 operator names
)
\inf@bad=\count91
LaTeX Info: Redefining \frac on input line 213.
\uproot@=\count92
\leftroot@=\count93
LaTeX Info: Redefining \overline on input line 375.
\classnum@=\count94
\DOTSCASE@=\count95
LaTeX Info: Redefining \ldots on input line 472.
LaTeX Info: Redefining \dots on input line 475.
LaTeX Info: Redefining \cdots on input line 596.
\Mathstrutbox@=\box26
\strutbox@=\box27
\big@size=\dimen106
LaTeX Font Info:    Redeclaring font encoding OML on input line 712.
LaTeX Font Info:    Redeclaring font encoding OMS on input line 713.
\macc@depth=\count96
\c@MaxMatrixCols=\count97
\dotsspace@=\muskip10
\c@parentequation=\count98
\dspbrk@lvl=\count99
\tag@help=\toks18
\row@=\count100
\column@=\count101
\maxfields@=\count102
\andhelp@=\toks19
\eqnshift@=\dimen107
\alignsep@=\dimen108
\tagshift@=\dimen109
\tagwidth@=\dimen110
\totwidth@=\dimen111
\lineht@=\dimen112
\@envbody=\toks20
\multlinegap=\skip44
\multlinetaggap=\skip45
\mathdisplay@stack=\toks21
LaTeX Info: Redefining \[ on input line 2817.
LaTeX Info: Redefining \] on input line 2818.
)
("C:\Users\Liliana Saus\AppData\Local\Programs\MiKTeX 2.9\tex\latex\amsfonts\am
sfonts.sty"
Package: amsfonts 2013/01/14 v3.01 Basic AMSFonts support
\symAMSa=\mathgroup4
\symAMSb=\mathgroup5
LaTeX Font Info:    Overwriting math alphabet `\mathfrak' in version `bold'
(Font)                  U/euf/m/n --> U/euf/b/n on input line 106.
)
("C:\Users\Liliana Saus\AppData\Local\Programs\MiKTeX 2.9\tex\latex\amsfonts\am
ssymb.sty"
Package: amssymb 2013/01/14 v3.01 AMS font symbols
)
("C:\Users\Liliana Saus\AppData\Local\Programs\MiKTeX 2.9\tex\latex\graphics\gr
aphicx.sty"
Package: graphicx 2017/06/01 v1.1a Enhanced LaTeX Graphics (DPC,SPQR)

("C:\Users\Liliana Saus\AppData\Local\Programs\MiKTeX 2.9\tex\latex\graphics\ke
yval.sty"
Package: keyval 2014/10/28 v1.15 key=value parser (DPC)
\KV@toks@=\toks22
)
("C:\Users\Liliana Saus\AppData\Local\Programs\MiKTeX 2.9\tex\latex\graphics\gr
aphics.sty"
Package: graphics 2017/06/25 v1.2c Standard LaTeX Graphics (DPC,SPQR)

("C:\Users\Liliana Saus\AppData\Local\Programs\MiKTeX 2.9\tex\latex\graphics\tr
ig.sty"
Package: trig 2016/01/03 v1.10 sin cos tan (DPC)
)
("C:\Users\Liliana Saus\AppData\Local\Programs\MiKTeX 2.9\tex\latex\graphics-cf
g\graphics.cfg"
File: graphics.cfg 2016/06/04 v1.11 sample graphics configuration
)
Package graphics Info: Driver file: pdftex.def on input line 99.

("C:\Users\Liliana Saus\AppData\Local\Programs\MiKTeX 2.9\tex\latex\graphics-de
f\pdftex.def"
File: pdftex.def 2018/01/08 v1.0l Graphics/color driver for pdftex
))
\Gin@req@height=\dimen113
\Gin@req@width=\dimen114
)
("C:\Users\Liliana Saus\AppData\Local\Programs\MiKTeX 2.9\tex\latex\float\float
.sty"
Package: float 2001/11/08 v1.3d Float enhancements (AL)
\c@float@type=\count103
\float@exts=\toks23
\float@box=\box28
\@float@everytoks=\toks24
\@floatcapt=\box29
)
("C:\Users\Liliana Saus\AppData\Local\Programs\MiKTeX 2.9\tex\latex\listings\li
stings.sty"
\lst@mode=\count104
\lst@gtempboxa=\box30
\lst@token=\toks25
\lst@length=\count105
\lst@currlwidth=\dimen115
\lst@column=\count106
\lst@pos=\count107
\lst@lostspace=\dimen116
\lst@width=\dimen117
\lst@newlines=\count108
\lst@lineno=\count109
\lst@maxwidth=\dimen118

("C:\Users\Liliana Saus\AppData\Local\Programs\MiKTeX 2.9\tex\latex\listings\ls
tmisc.sty"
File: lstmisc.sty 2018/09/02 1.7 (Carsten Heinz)
\c@lstnumber=\count110
\lst@skipnumbers=\count111
\lst@framebox=\box31
)
("C:\Users\Liliana Saus\AppData\Local\Programs\MiKTeX 2.9\tex\latex\listings\li
stings.cfg"
File: listings.cfg 2018/09/02 1.7 listings configuration
))
Package: listings 2018/09/02 1.7 (Carsten Heinz)

("C:\Users\Liliana Saus\AppData\Local\Programs\MiKTeX 2.9\tex\latex\graphics\co
lor.sty"
Package: color 2016/07/10 v1.1e Standard LaTeX Color (DPC)

("C:\Users\Liliana Saus\AppData\Local\Programs\MiKTeX 2.9\tex\latex\graphics-cf
g\color.cfg"
File: color.cfg 2016/01/02 v1.6 sample color configuration
)
Package color Info: Driver file: pdftex.def on input line 147.
) (escrito.aux
LaTeX Info: Redefining \. on input line 6.
LaTeX Info: Redefining \% on input line 6.
)
\openout1 = `escrito.aux'.

LaTeX Font Info:    Checking defaults for OML/cmm/m/it on input line 39.
LaTeX Font Info:    ... okay on input line 39.
LaTeX Font Info:    Checking defaults for T1/cmr/m/n on input line 39.
LaTeX Font Info:    ... okay on input line 39.
LaTeX Font Info:    Checking defaults for OT1/cmr/m/n on input line 39.
LaTeX Font Info:    ... okay on input line 39.
LaTeX Font Info:    Checking defaults for OMS/cmsy/m/n on input line 39.
LaTeX Font Info:    ... okay on input line 39.
LaTeX Font Info:    Checking defaults for OMX/cmex/m/n on input line 39.
LaTeX Font Info:    ... okay on input line 39.
LaTeX Font Info:    Checking defaults for U/cmr/m/n on input line 39.
LaTeX Font Info:    ... okay on input line 39.
LaTeX Info: Redefining \. on input line 39.
LaTeX Info: Redefining \% on input line 39.

("C:\Users\Liliana Saus\AppData\Local\Programs\MiKTeX 2.9\tex\context\base\supp
-pdf.mkii"
[Loading MPS to PDF converter (version 2006.09.02).]
\scratchcounter=\count112
\scratchdimen=\dimen119
\scratchbox=\box32
\nofMPsegments=\count113
\nofMParguments=\count114
\everyMPshowfont=\toks26
\MPscratchCnt=\count115
\MPscratchDim=\dimen120
\MPnumerator=\count116
\makeMPintoPDFobject=\count117
\everyMPtoPDFconversion=\toks27
)
("C:\Users\Liliana Saus\AppData\Local\Programs\MiKTeX 2.9\tex\latex\oberdiek\ep
stopdf-base.sty"
Package: epstopdf-base 2016/05/15 v2.6 Base part for package epstopdf

("C:\Users\Liliana Saus\AppData\Local\Programs\MiKTeX 2.9\tex\generic\oberdiek\
infwarerr.sty"
Package: infwarerr 2016/05/16 v1.4 Providing info/warning/error messages (HO)
)
("C:\Users\Liliana Saus\AppData\Local\Programs\MiKTeX 2.9\tex\latex\oberdiek\gr
fext.sty"
Package: grfext 2016/05/16 v1.2 Manage graphics extensions (HO)

("C:\Users\Liliana Saus\AppData\Local\Programs\MiKTeX 2.9\tex\generic\oberdiek\
kvdefinekeys.sty"
Package: kvdefinekeys 2016/05/16 v1.4 Define keys (HO)

("C:\Users\Liliana Saus\AppData\Local\Programs\MiKTeX 2.9\tex\generic\oberdiek\
ltxcmds.sty"
Package: ltxcmds 2016/05/16 v1.23 LaTeX kernel commands for general use (HO)
)))
("C:\Users\Liliana Saus\AppData\Local\Programs\MiKTeX 2.9\tex\latex\oberdiek\kv
options.sty"
Package: kvoptions 2016/05/16 v3.12 Key value format for package options (HO)

("C:\Users\Liliana Saus\AppData\Local\Programs\MiKTeX 2.9\tex\generic\oberdiek\
kvsetkeys.sty"
Package: kvsetkeys 2016/05/16 v1.17 Key value parser (HO)

("C:\Users\Liliana Saus\AppData\Local\Programs\MiKTeX 2.9\tex\generic\oberdiek\
etexcmds.sty"
Package: etexcmds 2016/05/16 v1.6 Avoid name clashes with e-TeX commands (HO)

("C:\Users\Liliana Saus\AppData\Local\Programs\MiKTeX 2.9\tex\generic\oberdiek\
ifluatex.sty"
Package: ifluatex 2016/05/16 v1.4 Provides the ifluatex switch (HO)
Package ifluatex Info: LuaTeX not detected.
)
Package etexcmds Info: Could not find \expanded.
(etexcmds)             That can mean that you are not using pdfTeX 1.50 or
(etexcmds)             that some package has redefined \expanded.
(etexcmds)             In the latter case, load this package earlier.
)))
("C:\Users\Liliana Saus\AppData\Local\Programs\MiKTeX 2.9\tex\generic\oberdiek\
pdftexcmds.sty"
Package: pdftexcmds 2018/01/30 v0.27 Utility functions of pdfTeX for LuaTeX (HO
)

("C:\Users\Liliana Saus\AppData\Local\Programs\MiKTeX 2.9\tex\generic\oberdiek\
ifpdf.sty"
Package: ifpdf 2017/03/15 v3.2 Provides the ifpdf switch
)
Package pdftexcmds Info: LuaTeX not detected.
Package pdftexcmds Info: \pdf@primitive is available.
Package pdftexcmds Info: \pdf@ifprimitive is available.
Package pdftexcmds Info: \pdfdraftmode found.
)
Package epstopdf-base Info: Redefining graphics rule for `.eps' on input line 4
38.
Package grfext Info: Graphics extension search list:
(grfext)             [.pdf,.png,.jpg,.mps,.jpeg,.jbig2,.jb2,.PDF,.PNG,.JPG,.JPE
G,.JBIG2,.JB2,.eps]
(grfext)             \AppendGraphicsExtensions on input line 456.
)
\c@lstlisting=\count118
LaTeX Font Info:    Try loading font information for U+msa on input line 40.

("C:\Users\Liliana Saus\AppData\Local\Programs\MiKTeX 2.9\tex\latex\amsfonts\um
sa.fd"
File: umsa.fd 2013/01/14 v3.01 AMS symbols A
)
LaTeX Font Info:    Try loading font information for U+msb on input line 40.

("C:\Users\Liliana Saus\AppData\Local\Programs\MiKTeX 2.9\tex\latex\amsfonts\um
sb.fd"
File: umsb.fd 2013/01/14 v3.01 AMS symbols B
)
("C:\Users\Liliana Saus\AppData\Local\Programs\MiKTeX 2.9\tex\latex\listings\ls
tlang1.sty"
File: lstlang1.sty 2018/09/02 1.7 listings language file
) (2.py)
<grafosimplenodirigidoaciclico.png, id=1, 478.78876pt x 320.19624pt>
File: grafosimplenodirigidoaciclico.png Graphic file (type png)
<use grafosimplenodirigidoaciclico.png>
Package pdftex.def Info: grafosimplenodirigidoaciclico.png  used on input line 
50.
(pdftex.def)             Requested size: 239.39378pt x 160.09772pt.
 [1

{C:/Users/Liliana Saus/AppData/Local/MiKTeX/2.9/pdftex/config/pdftex.map}] (1.p
y)
<grafosimplenodirigidociclico.png, id=13, 485.815pt x 323.2075pt>
File: grafosimplenodirigidociclico.png Graphic file (type png)
<use grafosimplenodirigidociclico.png>
Package pdftex.def Info: grafosimplenodirigidociclico.png  used on input line 6
0.
(pdftex.def)             Requested size: 242.9069pt x 161.60335pt.
 [2 <./grafosimplenodirigidoaciclico.png>] (3.py
LaTeX Font Info:    Try loading font information for OMS+cmr on input line 7.

("C:\Users\Liliana Saus\AppData\Local\Programs\MiKTeX 2.9\tex\latex\base\omscmr
.fd"
File: omscmr.fd 2014/09/29 v2.5h Standard LaTeX font definitions
)
LaTeX Font Info:    Font shape `OMS/cmr/m/n' in size <8> not available
(Font)              Font shape `OMS/cmsy/m/n' tried instead on input line 7.
)
<grafosimplenodirigidoreflexivo.png, id=18, 381.425pt x 248.93pt>
File: grafosimplenodirigidoreflexivo.png Graphic file (type png)
<use grafosimplenodirigidoreflexivo.png>
Package pdftex.def Info: grafosimplenodirigidoreflexivo.png  used on input line
 69.
(pdftex.def)             Requested size: 190.71202pt x 124.46469pt.
 [3 <./grafosimplenodirigidociclico.png> <./grafosimplenodirigidoreflexivo.png>
] (4.py)
<grafosimpledirigidoaciclico.png, id=25, 478.78876pt x 320.19624pt>
File: grafosimpledirigidoaciclico.png Graphic file (type png)
<use grafosimpledirigidoaciclico.png>
Package pdftex.def Info: grafosimpledirigidoaciclico.png  used on input line 79
.
(pdftex.def)             Requested size: 239.39378pt x 160.09772pt.
 (5.py [4 <./grafosimpledirigidoaciclico.png>])
<grafosimpledirigidociclico.png, id=30, 478.78876pt x 320.19624pt>
File: grafosimpledirigidociclico.png Graphic file (type png)
<use grafosimpledirigidociclico.png>
Package pdftex.def Info: grafosimpledirigidociclico.png  used on input line 89.

(pdftex.def)             Requested size: 239.39378pt x 160.09772pt.
 (6.py)
<grafosimpledirigidoreflexivo.png, id=31, 381.425pt x 248.93pt>
File: grafosimpledirigidoreflexivo.png Graphic file (type png)
<use grafosimpledirigidoreflexivo.png>
Package pdftex.def Info: grafosimpledirigidoreflexivo.png  used on input line 9
9.
(pdftex.def)             Requested size: 190.71202pt x 124.46469pt.
 [5 <./grafosimpledirigidociclico.png>] (7.py)
<multigrafonodirigidoaciclico.png, id=36, 470.75874pt x 320.19624pt>
File: multigrafonodirigidoaciclico.png Graphic file (type png)
<use multigrafonodirigidoaciclico.png>
Package pdftex.def Info: multigrafonodirigidoaciclico.png  used on input line 1
09.
(pdftex.def)             Requested size: 235.3788pt x 160.09772pt.
 [6 <./grafosimpledirigidoreflexivo.png> <./multigrafonodirigidoaciclico.png>] 
(8.py)
<multigrafonodirigidociclico.png, id=42, 381.425pt x 248.93pt>
File: multigrafonodirigidociclico.png Graphic file (type png)
<use multigrafonodirigidociclico.png>
Package pdftex.def Info: multigrafonodirigidociclico.png  used on input line 11
9.
(pdftex.def)             Requested size: 190.71202pt x 124.46469pt.
 (9.py [7 <./multigrafonodirigidociclico.png>])
<multigrafonodirigidoreflexivo.png, id=48, 381.425pt x 248.93pt>
File: multigrafonodirigidoreflexivo.png Graphic file (type png)
<use multigrafonodirigidoreflexivo.png>
Package pdftex.def Info: multigrafonodirigidoreflexivo.png  used on input line 
128.
(pdftex.def)             Requested size: 190.71202pt x 124.46469pt.
 (10.py)
<multigrafodirigidoaciclico.png, id=49, 381.425pt x 248.93pt>
File: multigrafodirigidoaciclico.png Graphic file (type png)
<use multigrafodirigidoaciclico.png>
Package pdftex.def Info: multigrafodirigidoaciclico.png  used on input line 138
.
(pdftex.def)             Requested size: 190.71202pt x 124.46469pt.
 [8 <./multigrafonodirigidoreflexivo.png>] (11.py)
<multigrafodirigidociclico.png, id=54, 381.425pt x 248.93pt>
File: multigrafodirigidociclico.png Graphic file (type png)
<use multigrafodirigidociclico.png>
Package pdftex.def Info: multigrafodirigidociclico.png  used on input line 147.

(pdftex.def)             Requested size: 190.71202pt x 124.46469pt.
 (12.py
[9 <./multigrafodirigidoaciclico.png> <./multigrafodirigidociclico.png>])
<multigrafodirigidoreflexivo.png, id=60, 381.425pt x 248.93pt>
File: multigrafodirigidoreflexivo.png Graphic file (type png)
<use multigrafodirigidoreflexivo.png>
Package pdftex.def Info: multigrafodirigidoreflexivo.png  used on input line 15
6.
(pdftex.def)             Requested size: 190.71202pt x 124.46469pt.

[10 <./multigrafodirigidoreflexivo.png>] [11] (escrito.aux
LaTeX Info: Redefining \. on input line 6.
LaTeX Info: Redefining \% on input line 6.
) ) 
Here is how much of TeX's memory you used:
 5265 strings out of 492973
 73527 string characters out of 3123589
 383035 words of memory out of 3000000
 9008 multiletter control sequences out of 15000+200000
 10956 words of font info for 42 fonts, out of 3000000 for 9000
 1141 hyphenation exceptions out of 8191
 41i,7n,43p,352b,1681s stack positions out of 5000i,500n,10000p,200000b,50000s
<C:/Users/Liliana Saus/AppData/Local/Programs/MiKTeX 2.9/fonts/type1/public/
amsfonts/cm/cmbx12.pfb><C:/Users/Liliana Saus/AppData/Local/Programs/MiKTeX 2.9
/fonts/type1/public/amsfonts/cm/cmcsc10.pfb><C:/Users/Liliana Saus/AppData/Loca
l/Programs/MiKTeX 2.9/fonts/type1/public/amsfonts/cm/cmr10.pfb><C:/Users/Lilian
a Saus/AppData/Local/Programs/MiKTeX 2.9/fonts/type1/public/amsfonts/cm/cmr12.p
fb><C:/Users/Liliana Saus/AppData/Local/Programs/MiKTeX 2.9/fonts/type1/public/
amsfonts/cm/cmr17.pfb><C:/Users/Liliana Saus/AppData/Local/Programs/MiKTeX 2.9/
fonts/type1/public/amsfonts/cm/cmr5.pfb><C:/Users/Liliana Saus/AppData/Local/Pr
ograms/MiKTeX 2.9/fonts/type1/public/amsfonts/cm/cmr8.pfb><C:/Users/Liliana Sau
s/AppData/Local/Programs/MiKTeX 2.9/fonts/type1/public/amsfonts/cm/cmsy8.pfb><C
:/Users/Liliana Saus/AppData/Local/Programs/MiKTeX 2.9/fonts/type1/public/amsfo
nts/cm/cmti10.pfb><C:/Users/Liliana Saus/AppData/Local/Programs/MiKTeX 2.9/font
s/type1/public/amsfonts/cm/cmtt10.pfb>
Output written on escrito.pdf (11 pages, 244065 bytes).
PDF statistics:
 103 PDF objects out of 1000 (max. 8388607)
 0 named destinations out of 1000 (max. 500000)
 61 words of extra memory for PDF output out of 10000 (max. 10000000)

